# JRE version: OpenJDK Runtime Environment (11.0.11+9) (build 11.0.11+9-b60-7590822)
# Java VM: OpenJDK 64-Bit Server VM (11.0.11+9-b60-7590822, mixed mode, tiered, compressed oops, g1 gc, windows-amd64)
Heap:
 garbage-first heap   total 284672K, used 151552K [0x0000000080000000, 0x0000000100000000)
  region size 1024K, 17 young (17408K), 6 survivors (6144K)
 Metaspace       used 119453K, capacity 122443K, committed 122824K, reserved 1155072K
  class space    used 15191K, capacity 16274K, committed 16512K, reserved 1048576K
GC Heap History (20 events):
Event: 14.050 GC heap before
{Heap before GC invocations=12 (full 0):
 garbage-first heap   total 236544K, used 172859K [0x0000000080000000, 0x0000000100000000)
  region size 1024K, 108 young (110592K), 14 survivors (14336K)
 Metaspace       used 61961K, capacity 63691K, committed 63944K, reserved 1105920K
  class space    used 7929K, capacity 8526K, committed 8576K, reserved 1048576K
}
Event: 14.072 GC heap after
{Heap after GC invocations=13 (full 0):
 garbage-first heap   total 284672K, used 80896K [0x0000000080000000, 0x0000000100000000)
  region size 1024K, 5 young (5120K), 5 survivors (5120K)
 Metaspace       used 61961K, capacity 63691K, committed 63944K, reserved 1105920K
  class space    used 7929K, capacity 8526K, committed 8576K, reserved 1048576K
}
Event: 17.037 GC heap before
{Heap before GC invocations=13 (full 0):
 garbage-first heap   total 284672K, used 206848K [0x0000000080000000, 0x0000000100000000)
  region size 1024K, 127 young (130048K), 5 survivors (5120K)
 Metaspace       used 74458K, capacity 76437K, committed 76616K, reserved 1116160K
  class space    used 9466K, capacity 10177K, committed 10240K, reserved 1048576K
}
Event: 17.057 GC heap after
{Heap after GC invocations=14 (full 0):
 garbage-first heap   total 284672K, used 87622K [0x0000000080000000, 0x0000000100000000)
  region size 1024K, 12 young (12288K), 12 survivors (12288K)
 Metaspace       used 74458K, capacity 76437K, committed 76616K, reserved 1116160K
  class space    used 9466K, capacity 10177K, committed 10240K, reserved 1048576K
}
Event: 17.564 GC heap before
{Heap before GC invocations=14 (full 0):
 garbage-first heap   total 284672K, used 142918K [0x0000000080000000, 0x0000000100000000)
  region size 1024K, 67 young (68608K), 12 survivors (12288K)
 Metaspace       used 76274K, capacity 78288K, committed 78408K, reserved 1118208K
  class space    used 9697K, capacity 10410K, committed 10496K, reserved 1048576K
}
Event: 17.604 GC heap after
{Heap after GC invocations=15 (full 0):
 garbage-first heap   total 284672K, used 92918K [0x0000000080000000, 0x0000000100000000)
  region size 1024K, 13 young (13312K), 13 survivors (13312K)
 Metaspace       used 76274K, capacity 78288K, committed 78408K, reserved 1118208K
  class space    used 9697K, capacity 10410K, committed 10496K, reserved 1048576K
}
Event: 19.815 GC heap before
{Heap before GC invocations=16 (full 0):
 garbage-first heap   total 284672K, used 218870K [0x0000000080000000, 0x0000000100000000)
  region size 1024K, 128 young (131072K), 13 survivors (13312K)
 Metaspace       used 85755K, capacity 88037K, committed 88136K, reserved 1126400K
  class space    used 11145K, capacity 11933K, committed 12032K, reserved 1048576K
}
Event: 19.856 GC heap after
{Heap after GC invocations=17 (full 0):
 garbage-first heap   total 284672K, used 111142K [0x0000000080000000, 0x0000000100000000)
  region size 1024K, 14 young (14336K), 14 survivors (14336K)
 Metaspace       used 85755K, capacity 88037K, committed 88136K, reserved 1126400K
  class space    used 11145K, capacity 11933K, committed 12032K, reserved 1048576K
}
Event: 21.930 GC heap before
{Heap before GC invocations=18 (full 0):
 garbage-first heap   total 284672K, used 220710K [0x0000000080000000, 0x0000000100000000)
  region size 1024K, 121 young (123904K), 14 survivors (14336K)
 Metaspace       used 98077K, capacity 100462K, committed 100680K, reserved 1136640K
  class space    used 12630K, capacity 13488K, committed 13568K, reserved 1048576K
}
Event: 21.959 GC heap after
{Heap after GC invocations=19 (full 0):
 garbage-first heap   total 284672K, used 117760K [0x0000000080000000, 0x0000000100000000)
  region size 1024K, 7 young (7168K), 7 survivors (7168K)
 Metaspace       used 98077K, capacity 100462K, committed 100680K, reserved 1136640K
  class space    used 12630K, capacity 13488K, committed 13568K, reserved 1048576K
}
Event: 27.565 GC heap before
{Heap before GC invocations=19 (full 0):
 garbage-first heap   total 284672K, used 224256K [0x0000000080000000, 0x0000000100000000)
  region size 1024K, 112 young (114688K), 7 survivors (7168K)
 Metaspace       used 105442K, capacity 108118K, committed 108360K, reserved 1142784K
  class space    used 13521K, capacity 14503K, committed 14592K, reserved 1048576K
}
Event: 27.597 GC heap after
{Heap after GC invocations=20 (full 0):
 garbage-first heap   total 284672K, used 124928K [0x0000000080000000, 0x0000000100000000)
  region size 1024K, 14 young (14336K), 14 survivors (14336K)
 Metaspace       used 105442K, capacity 108118K, committed 108360K, reserved 1142784K
  class space    used 13521K, capacity 14503K, committed 14592K, reserved 1048576K
}
Event: 32.960 GC heap before
{Heap before GC invocations=20 (full 0):
 garbage-first heap   total 284672K, used 227328K [0x0000000080000000, 0x0000000100000000)
  region size 1024K, 115 young (117760K), 14 survivors (14336K)
 Metaspace       used 107720K, capacity 110480K, committed 110664K, reserved 1144832K
  class space    used 13770K, capacity 14787K, committed 14848K, reserved 1048576K
}
Event: 32.995 GC heap after
{Heap after GC invocations=21 (full 0):
 garbage-first heap   total 284672K, used 131829K [0x0000000080000000, 0x0000000100000000)
  region size 1024K, 8 young (8192K), 8 survivors (8192K)
 Metaspace       used 107720K, capacity 110480K, committed 110664K, reserved 1144832K
  class space    used 13770K, capacity 14787K, committed 14848K, reserved 1048576K
}
Event: 34.331 GC heap before
{Heap before GC invocations=21 (full 0):
 garbage-first heap   total 284672K, used 229109K [0x0000000080000000, 0x0000000100000000)
  region size 1024K, 104 young (106496K), 8 survivors (8192K)
 Metaspace       used 114566K, capacity 117422K, committed 117576K, reserved 1150976K
  class space    used 14702K, capacity 15783K, committed 15872K, reserved 1048576K
}
Event: 34.353 GC heap after
{Heap after GC invocations=22 (full 0):
 garbage-first heap   total 284672K, used 136089K [0x0000000080000000, 0x0000000100000000)
  region size 1024K, 5 young (5120K), 5 survivors (5120K)
 Metaspace       used 114566K, capacity 117422K, committed 117576K, reserved 1150976K
  class space    used 14702K, capacity 15783K, committed 15872K, reserved 1048576K
}
Event: 632.702 GC heap before
{Heap before GC invocations=22 (full 0):
 garbage-first heap   total 284672K, used 232345K [0x0000000080000000, 0x0000000100000000)
  region size 1024K, 100 young (102400K), 5 survivors (5120K)
 Metaspace       used 119348K, capacity 122481K, committed 122824K, reserved 1155072K
  class space    used 15230K, capacity 16385K, committed 16512K, reserved 1048576K
}
Event: 632.721 GC heap after
{Heap after GC invocations=23 (full 0):
 garbage-first heap   total 284672K, used 141173K [0x0000000080000000, 0x0000000100000000)
  region size 1024K, 10 young (10240K), 10 survivors (10240K)
 Metaspace       used 119348K, capacity 122481K, committed 122824K, reserved 1155072K
  class space    used 15230K, capacity 16385K, committed 16512K, reserved 1048576K
}
Event: 5952.704 GC heap before
{Heap before GC invocations=24 (full 0):
 garbage-first heap   total 284672K, used 234357K [0x0000000080000000, 0x0000000100000000)
  region size 1024K, 102 young (104448K), 10 survivors (10240K)
 Metaspace       used 119365K, capacity 122303K, committed 122824K, reserved 1155072K
  class space    used 15172K, capacity 16258K, committed 16512K, reserved 1048576K
}
Event: 5952.752 GC heap after
{Heap after GC invocations=25 (full 0):
 garbage-first heap   total 284672K, used 141312K [0x0000000080000000, 0x0000000100000000)
  region size 1024K, 6 young (6144K), 6 survivors (6144K)
 Metaspace       used 119365K, capacity 122303K, committed 122824K, reserved 1155072K
  class space    used 15172K, capacity 16258K, committed 16512K, reserved 1048576K
}

